Crashlog created at 2018-11-13 17:38:38 +0530

===== MESSAGE:

Sass::SyntaxError: Inconsistent indentation: 3 spaces were used for indentation, but the rest of the document was indented using 2 spaces.

===== COMPILATION STACK:

  (empty)

===== STACK TRACE:

  0. assets/css/app.sass:90
  1. /Users/ptyagi/.rbenv/versions/2.5.0/gemsets/geeknight/gems/sass-3.2.19/lib/sass/engine.rb:424:in `block in tabulate'
  2. /Users/ptyagi/.rbenv/versions/2.5.0/gemsets/geeknight/gems/sass-3.2.19/lib/sass/engine.rb:382:in `each'
  3. /Users/ptyagi/.rbenv/versions/2.5.0/gemsets/geeknight/gems/sass-3.2.19/lib/sass/engine.rb:382:in `each_with_index'
  4. /Users/ptyagi/.rbenv/versions/2.5.0/gemsets/geeknight/gems/sass-3.2.19/lib/sass/engine.rb:382:in `tabulate'
  5. /Users/ptyagi/.rbenv/versions/2.5.0/gemsets/geeknight/gems/sass-3.2.19/lib/sass/engine.rb:345:in `_to_tree'
  6. /Users/ptyagi/.rbenv/versions/2.5.0/gemsets/geeknight/gems/sass-3.2.19/lib/sass/engine.rb:315:in `_render'
  7. /Users/ptyagi/.rbenv/versions/2.5.0/gemsets/geeknight/gems/sass-3.2.19/lib/sass/engine.rb:262:in `render'
  8. /Users/ptyagi/.rbenv/versions/2.5.0/gemsets/geeknight/gems/nanoc-3.6.11/lib/nanoc/filters/sass.rb:20:in `run'
  9. lib/sass_binary.rb:11:in `run_with_binary'
  10. /Users/ptyagi/.rbenv/versions/2.5.0/gemsets/geeknight/gems/nanoc-3.6.11/lib/nanoc/base/compilation/filter.rb:121:in `setup_and_run'
  11. /Users/ptyagi/.rbenv/versions/2.5.0/gemsets/geeknight/gems/nanoc-3.6.11/lib/nanoc/base/result_data/item_rep.rb:339:in `filter'
  12. /Users/ptyagi/.rbenv/versions/2.5.0/gemsets/geeknight/gems/nanoc-3.6.11/lib/nanoc/base/compilation/item_rep_proxy.rb:47:in `filter'
  13. /Users/ptyagi/.rbenv/versions/2.5.0/gemsets/geeknight/gems/nanoc-3.6.11/lib/nanoc/base/compilation/rule_context.rb:61:in `filter'
  14. ./Rules:17:in `block in load'
  15. /Users/ptyagi/.rbenv/versions/2.5.0/gemsets/geeknight/gems/nanoc-3.6.11/lib/nanoc/base/compilation/rule.rb:70:in `instance_eval'
  16. /Users/ptyagi/.rbenv/versions/2.5.0/gemsets/geeknight/gems/nanoc-3.6.11/lib/nanoc/base/compilation/rule.rb:70:in `apply_to'
  17. /Users/ptyagi/.rbenv/versions/2.5.0/gemsets/geeknight/gems/nanoc-3.6.11/lib/nanoc/base/compilation/compiler.rb:385:in `compile_rep'
  18. /Users/ptyagi/.rbenv/versions/2.5.0/gemsets/geeknight/gems/nanoc-3.6.11/lib/nanoc/base/compilation/compiler.rb:341:in `block in compile_reps'
  19. /Users/ptyagi/.rbenv/versions/2.5.0/gemsets/geeknight/gems/nanoc-3.6.11/lib/nanoc/base/compilation/compiler.rb:334:in `loop'
  20. /Users/ptyagi/.rbenv/versions/2.5.0/gemsets/geeknight/gems/nanoc-3.6.11/lib/nanoc/base/compilation/compiler.rb:334:in `compile_reps'
  21. /Users/ptyagi/.rbenv/versions/2.5.0/gemsets/geeknight/gems/nanoc-3.6.11/lib/nanoc/base/compilation/compiler.rb:89:in `run'
  22. /Users/ptyagi/.rbenv/versions/2.5.0/gemsets/geeknight/gems/nanoc-3.6.11/lib/nanoc/base/source_data/site.rb:58:in `compile'
  23. /Users/ptyagi/.rbenv/versions/2.5.0/gemsets/geeknight/gems/guard-nanoc-1.0.2/lib/guard/nanoc.rb:65:in `block in recompile'
  24. /Users/ptyagi/.rbenv/versions/2.5.0/gemsets/geeknight/gems/guard-nanoc-1.0.2/lib/guard/nanoc.rb:63:in `chdir'
  25. /Users/ptyagi/.rbenv/versions/2.5.0/gemsets/geeknight/gems/guard-nanoc-1.0.2/lib/guard/nanoc.rb:63:in `recompile'
  26. /Users/ptyagi/.rbenv/versions/2.5.0/gemsets/geeknight/gems/guard-nanoc-1.0.2/lib/guard/nanoc.rb:28:in `run_on_changes'
  27. /Users/ptyagi/.rbenv/versions/2.5.0/gemsets/geeknight/gems/guard-1.8.3/lib/guard/runner.rb:99:in `block in run_supervised_task'
  28. /Users/ptyagi/.rbenv/versions/2.5.0/gemsets/geeknight/gems/guard-1.8.3/lib/guard/runner.rb:97:in `catch'
  29. /Users/ptyagi/.rbenv/versions/2.5.0/gemsets/geeknight/gems/guard-1.8.3/lib/guard/runner.rb:97:in `run_supervised_task'
  30. /Users/ptyagi/.rbenv/versions/2.5.0/gemsets/geeknight/gems/guard-1.8.3/lib/guard/runner.rb:144:in `block in run_first_task_found'
  31. /Users/ptyagi/.rbenv/versions/2.5.0/gemsets/geeknight/gems/guard-1.8.3/lib/guard/runner.rb:142:in `each'
  32. /Users/ptyagi/.rbenv/versions/2.5.0/gemsets/geeknight/gems/guard-1.8.3/lib/guard/runner.rb:142:in `run_first_task_found'
  33. /Users/ptyagi/.rbenv/versions/2.5.0/gemsets/geeknight/gems/guard-1.8.3/lib/guard/runner.rb:79:in `block in run_on_changes'
  34. /Users/ptyagi/.rbenv/versions/2.5.0/gemsets/geeknight/gems/guard-1.8.3/lib/guard/runner.rb:175:in `block (3 levels) in scoped_guards'
  35. /Users/ptyagi/.rbenv/versions/2.5.0/gemsets/geeknight/gems/guard-1.8.3/lib/guard/runner.rb:173:in `each'
  36. /Users/ptyagi/.rbenv/versions/2.5.0/gemsets/geeknight/gems/guard-1.8.3/lib/guard/runner.rb:173:in `block (2 levels) in scoped_guards'
  37. /Users/ptyagi/.rbenv/versions/2.5.0/gemsets/geeknight/gems/guard-1.8.3/lib/guard/runner.rb:172:in `catch'
  38. /Users/ptyagi/.rbenv/versions/2.5.0/gemsets/geeknight/gems/guard-1.8.3/lib/guard/runner.rb:172:in `block in scoped_guards'
  39. /Users/ptyagi/.rbenv/versions/2.5.0/gemsets/geeknight/gems/guard-1.8.3/lib/guard/runner.rb:170:in `each'
  40. /Users/ptyagi/.rbenv/versions/2.5.0/gemsets/geeknight/gems/guard-1.8.3/lib/guard/runner.rb:170:in `scoped_guards'
  41. /Users/ptyagi/.rbenv/versions/2.5.0/gemsets/geeknight/gems/guard-1.8.3/lib/guard/runner.rb:72:in `run_on_changes'
  42. /Users/ptyagi/.rbenv/versions/2.5.0/gemsets/geeknight/gems/guard-1.8.3/lib/guard.rb:123:in `block (2 levels) in setup_listener'
  43. /Users/ptyagi/.rbenv/versions/2.5.0/gemsets/geeknight/gems/guard-1.8.3/lib/guard.rb:387:in `block in within_preserved_state'
  44. /Users/ptyagi/.rbenv/versions/2.5.0/gemsets/geeknight/gems/guard-1.8.3/lib/guard.rb:384:in `synchronize'
  45. /Users/ptyagi/.rbenv/versions/2.5.0/gemsets/geeknight/gems/guard-1.8.3/lib/guard.rb:384:in `within_preserved_state'
  46. /Users/ptyagi/.rbenv/versions/2.5.0/gemsets/geeknight/gems/guard-1.8.3/lib/guard.rb:122:in `block in setup_listener'
  47. /Users/ptyagi/.rbenv/versions/2.5.0/gemsets/geeknight/gems/listen-1.3.1/lib/listen/listener.rb:252:in `on_change'
  48. /Users/ptyagi/.rbenv/versions/2.5.0/gemsets/geeknight/gems/listen-1.3.1/lib/listen/listener.rb:290:in `block in initialize_adapter'
  49. /Users/ptyagi/.rbenv/versions/2.5.0/gemsets/geeknight/gems/listen-1.3.1/lib/listen/adapter.rb:252:in `report_changes'
  50. /Users/ptyagi/.rbenv/versions/2.5.0/gemsets/geeknight/gems/listen-1.3.1/lib/listen/adapter.rb:321:in `poll_changed_directories'

===== VERSION INFORMATION:

nanoc 3.6.11 © 2007-2014 Denis Defreyne.
Running ruby 2.5.0 (2017-12-25) on x86_64-darwin15 with RubyGems 2.7.3.

===== SYSTEM INFORMATION:

Darwin inptyagi.local 15.6.0 Darwin Kernel Version 15.6.0: Tue Jan 30 11:45:51 PST 2018; root:xnu-3248.73.8~1/RELEASE_X86_64 x86_64

===== INSTALLED GEMS:

  activesupport 4.2.10
  adsf 1.1.1
  bundler 1.17.1
  coderay 1.1.2
  colored 1.2
  concurrent-ruby 1.0.5
  cri 2.15.1
  ffi 1.9.25
  formatador 0.2.5
  guard 1.8.3
  guard-nanoc 1.0.2
  i18n 0.9.5
  listen 1.3.1
  lumberjack 1.0.13
  method_source 0.9.0
  minitest 5.11.3
  multi_json 1.8.4
  nanoc 3.6.11
  pry 0.11.3
  rack 2.0.5
  rb-fsevent 0.10.3
  rb-inotify 0.9.10
  rb-kqueue 0.2.5
  sass 3.2.19
  terminal-notifier-guard 1.5.3
  thor 0.20.0
  thread_safe 0.3.6
  tzinfo 1.2.5

===== ENVIRONMENT:

ANDROID_HOME => "/Users/ptyagi/Library/Android/sdk"
AUTOFEATURE => "true autotest"
Apple_PubSub_Socket_Render => "/private/tmp/com.apple.launchd.ggckmDGtYD/Render"
BASH_IT => "/Users/ptyagi/bash-it"
BASH_IT_AUTOMATIC_RELOAD_AFTER_CONFIG_CHANGE => "1"
BASH_IT_THEME => "bobby"
BUNDLER_ORIG_BUNDLER_ORIG_MANPATH => "BUNDLER_ENVIRONMENT_PRESERVER_INTENTIONALLY_NIL"
BUNDLER_ORIG_BUNDLER_VERSION => "BUNDLER_ENVIRONMENT_PRESERVER_INTENTIONALLY_NIL"
BUNDLER_ORIG_BUNDLE_BIN_PATH => "BUNDLER_ENVIRONMENT_PRESERVER_INTENTIONALLY_NIL"
BUNDLER_ORIG_BUNDLE_GEMFILE => "BUNDLER_ENVIRONMENT_PRESERVER_INTENTIONALLY_NIL"
BUNDLER_ORIG_GEM_HOME => "/Users/ptyagi/.rbenv/versions/2.5.0/gemsets/geeknight"
BUNDLER_ORIG_GEM_PATH => "/Users/ptyagi/.rbenv/versions/2.5.0/gemsets/geeknight:/Users/ptyagi/.rbenv/versions/2.5.0/gemsets/global:/Users/ptyagi/.rbenv/versions/2.5.0/lib/ruby/gems/2.5.0"
BUNDLER_ORIG_MANPATH => "BUNDLER_ENVIRONMENT_PRESERVER_INTENTIONALLY_NIL"
BUNDLER_ORIG_PATH => "/Users/ptyagi/.rbenv/versions/2.5.0/gemsets/geeknight/bin:/Users/ptyagi/.rbenv/versions/2.5.0/gemsets/global/bin:/Users/ptyagi/.rbenv/versions/2.5.0/gemsets/geeknight/bin:/Users/ptyagi/.rbenv/libexec:/Users/ptyagi/.rbenv/plugins/ruby-build/bin:/Users/ptyagi/.rbenv/plugins/rbenv-vars/bin:/Users/ptyagi/.rbenv/plugins/rbenv-update/bin:/Users/ptyagi/.rbenv/plugins/rbenv-gemset/bin:/usr/local/opt/tomcat@8.0/bin:/usr/local/Cellar/imagemagick/7.0.7-21/include:/usr/local/Cellar/imagemagick/7.0.7-21/lib/pkgconfig:/Users/ptyagi/.rbenv/bin:/Users/ptyagi/.rbenv/bin:/Users/ptyagi/.rbenv/shims:/Users/ptyagi/.rbenv/bin:/usr/local/bin:/usr/bin:/bin:/usr/sbin:/sbin:/Applications/VMware Fusion.app/Contents/Public:/Users/ptyagi/Library/Android/sdk/tools:/Users/ptyagi/Library/Android/sdk/platform-tools"
BUNDLER_ORIG_RB_USER_INSTALL => "BUNDLER_ENVIRONMENT_PRESERVER_INTENTIONALLY_NIL"
BUNDLER_ORIG_RUBYLIB => "/Users/ptyagi/.rbenv/rbenv.d/exec/gem-rehash:"
BUNDLER_ORIG_RUBYOPT => "BUNDLER_ENVIRONMENT_PRESERVER_INTENTIONALLY_NIL"
BUNDLER_VERSION => "1.17.1"
BUNDLE_BIN_PATH => "/Users/ptyagi/.rbenv/versions/2.5.0/gemsets/geeknight/gems/bundler-1.17.1/exe/bundle"
BUNDLE_GEMFILE => "/Users/ptyagi/xconf/xconf/generator/Gemfile"
COLORFGBG => "7;0"
COLORTERM => "truecolor"
COLUMNS => "101"
GEM_HOME => "/Users/ptyagi/.rbenv/versions/2.5.0/gemsets/geeknight"
GEM_PATH => "/Users/ptyagi/.rbenv/versions/2.5.0/gemsets/geeknight:/Users/ptyagi/.rbenv/versions/2.5.0/gemsets/global:/Users/ptyagi/.rbenv/versions/2.5.0/lib/ruby/gems/2.5.0"
GITAWAREPROMPT => "/Users/ptyagi/.bash/git-aware-prompt"
GIT_HOSTING => "git@git.domain.com"
GREP_COLOR => "1;33"
GUARD_NOTIFICATIONS => "---\n- :name: :terminal_title\n  :options: {}\n"
GUARD_NOTIFY => "true"
HISTCONTROL => "ignorespace:erasedups"
HISTSIZE => "5000"
HOME => "/Users/ptyagi"
IRC_CLIENT => "irssi"
ITERM_PROFILE => "Default"
ITERM_SESSION_ID => "w0t0p0:D60F96B9-3002-446B-8FE8-B2B14F072EB6"
JAVA_HOME => "/Library/Java/JavaVirtualMachines/jdk1.8.0_112.jdk/Contents/Home"
LANG => "en_US.UTF-8"
LINES => "51"
LOGNAME => "ptyagi"
LSCOLORS => "Gxfxcxdxdxegedabagacad"
PATH => "/Users/ptyagi/.rbenv/versions/2.5.0/gemsets/geeknight/bin:/Users/ptyagi/.rbenv/versions/2.5.0/gemsets/global/bin:/Users/ptyagi/.rbenv/libexec:/Users/ptyagi/.rbenv/plugins/ruby-build/bin:/Users/ptyagi/.rbenv/plugins/rbenv-vars/bin:/Users/ptyagi/.rbenv/plugins/rbenv-update/bin:/Users/ptyagi/.rbenv/plugins/rbenv-gemset/bin:/usr/local/opt/tomcat@8.0/bin:/usr/local/Cellar/imagemagick/7.0.7-21/include:/usr/local/Cellar/imagemagick/7.0.7-21/lib/pkgconfig:/Users/ptyagi/.rbenv/bin:/Users/ptyagi/.rbenv/shims:/usr/local/bin:/usr/bin:/bin:/usr/sbin:/sbin:/Applications/VMware Fusion.app/Contents/Public:/Users/ptyagi/Library/Android/sdk/tools:/Users/ptyagi/Library/Android/sdk/platform-tools"
PWD => "/Users/ptyagi/xconf/xconf/generator"
RBENV_DIR => "/Users/ptyagi/xconf/xconf/generator"
RBENV_GEMSET_ALREADY => "yes"
RBENV_HOOK_PATH => "/Users/ptyagi/.rbenv/rbenv.d:/usr/local/etc/rbenv.d:/etc/rbenv.d:/usr/lib/rbenv/hooks:/Users/ptyagi/.rbenv/plugins/rbenv-gemset/etc/rbenv.d:/Users/ptyagi/.rbenv/plugins/rbenv-vars/etc/rbenv.d"
RBENV_ROOT => "/Users/ptyagi/.rbenv"
RBENV_SHELL => "bash"
RBENV_VERSION => "2.5.0"
RUBYLIB => "/Users/ptyagi/.rbenv/versions/2.5.0/gemsets/geeknight/gems/bundler-1.17.1/lib:/Users/ptyagi/.rbenv/rbenv.d/exec/gem-rehash"
RUBYOPT => "-rbundler/setup"
SCM_CHECK => "true"
SHELL => "/bin/bash"
SHLVL => "1"
SSH_AUTH_SOCK => "/private/tmp/com.apple.launchd.99jLJbC63g/Listeners"
TERM => "xterm-256color"
TERM_PROGRAM => "iTerm.app"
TERM_PROGRAM_VERSION => "3.1.5"
TERM_SESSION_ID => "w0t0p0:D60F96B9-3002-446B-8FE8-B2B14F072EB6"
TMPDIR => "/var/folders/_n/h6d3xpmx68z1tmzybydgr8p40000gq/T/"
TODO => "t"
USER => "ptyagi"
XPC_FLAGS => "0x0"
XPC_SERVICE_NAME => "0"
__CF_USER_TEXT_ENCODING => "0x1F7:0x0:0x0"

===== GEMFILE.LOCK:

GEM
  remote: https://rubygems.org/
  specs:
    activesupport (4.2.10)
      i18n (~> 0.7)
      minitest (~> 5.1)
      thread_safe (~> 0.3, >= 0.3.4)
      tzinfo (~> 1.1)
    adsf (1.1.1)
      rack (>= 1.0.0)
    coderay (1.1.2)
    colored (1.2)
    concurrent-ruby (1.0.5)
    cri (2.15.1)
      colored (~> 1.2)
    ffi (1.9.25)
    formatador (0.2.5)
    guard (1.8.3)
      formatador (>= 0.2.4)
      listen (~> 1.3)
      lumberjack (>= 1.0.2)
      pry (>= 0.9.10)
      thor (>= 0.14.6)
    guard-nanoc (1.0.2)
      guard (>= 1.8.0)
      nanoc (>= 3.6.3)
    i18n (0.9.5)
      concurrent-ruby (~> 1.0)
    listen (1.3.1)
      rb-fsevent (>= 0.9.3)
      rb-inotify (>= 0.9)
      rb-kqueue (>= 0.2)
    lumberjack (1.0.13)
    method_source (0.9.0)
    minitest (5.11.3)
    multi_json (1.8.4)
    nanoc (3.6.11)
      cri (~> 2.3)
    pry (0.11.3)
      coderay (~> 1.1.0)
      method_source (~> 0.9.0)
    rack (2.0.5)
    rb-fsevent (0.10.3)
    rb-inotify (0.9.10)
      ffi (>= 0.5.0, < 2)
    rb-kqueue (0.2.5)
      ffi (>= 0.5.0)
    sass (3.2.19)
    terminal-notifier-guard (1.5.3)
    thor (0.20.0)
    thread_safe (0.3.6)
    tzinfo (1.2.5)
      thread_safe (~> 0.1)

PLATFORMS
  ruby

DEPENDENCIES
  activesupport (~> 4.2.0)
  adsf (~> 1.1.1)
  guard-nanoc (~> 1.0.0)
  listen (~> 1.3.1)
  multi_json (~> 1.8.0)
  nanoc (~> 3.6.5)
  sass (~> 3.2.12)
  terminal-notifier-guard (~> 1.5.3)

BUNDLED WITH
   1.16.2

===== LOAD PATHS:

  0. /Users/ptyagi/.rbenv/rbenv.d/exec/gem-rehash
  1. /Users/ptyagi/.rbenv/versions/2.5.0/gemsets/geeknight/gems/bundler-1.17.1/lib
  2. /Users/ptyagi/.rbenv/versions/2.5.0/gemsets/geeknight/gems/terminal-notifier-guard-1.5.3/lib
  3. /Users/ptyagi/.rbenv/versions/2.5.0/gemsets/geeknight/gems/sass-3.2.19/lib
  4. /Users/ptyagi/.rbenv/versions/2.5.0/gemsets/geeknight/gems/multi_json-1.8.4/lib
  5. /Users/ptyagi/.rbenv/versions/2.5.0/gemsets/geeknight/gems/guard-nanoc-1.0.2/lib
  6. /Users/ptyagi/.rbenv/versions/2.5.0/gemsets/geeknight/gems/nanoc-3.6.11/lib
  7. /Users/ptyagi/.rbenv/versions/2.5.0/gemsets/geeknight/gems/guard-1.8.3/lib
  8. /Users/ptyagi/.rbenv/versions/2.5.0/gemsets/geeknight/gems/thor-0.20.0/lib
  9. /Users/ptyagi/.rbenv/versions/2.5.0/gemsets/geeknight/gems/pry-0.11.3/lib
  10. /Users/ptyagi/.rbenv/versions/2.5.0/gemsets/geeknight/gems/method_source-0.9.0/lib
  11. /Users/ptyagi/.rbenv/versions/2.5.0/gemsets/geeknight/gems/lumberjack-1.0.13/lib
  12. /Users/ptyagi/.rbenv/versions/2.5.0/gemsets/geeknight/gems/listen-1.3.1/lib
  13. /Users/ptyagi/.rbenv/versions/2.5.0/gemsets/geeknight/gems/rb-kqueue-0.2.5/lib
  14. /Users/ptyagi/.rbenv/versions/2.5.0/gemsets/geeknight/gems/rb-inotify-0.9.10/lib
  15. /Users/ptyagi/.rbenv/versions/2.5.0/gemsets/geeknight/gems/rb-fsevent-0.10.3/lib
  16. /Users/ptyagi/.rbenv/versions/2.5.0/gemsets/geeknight/gems/formatador-0.2.5/lib
  17. /Users/ptyagi/.rbenv/versions/2.5.0/gemsets/geeknight/gems/ffi-1.9.25/lib
  18. /Users/ptyagi/.rbenv/versions/2.5.0/gemsets/geeknight/extensions/x86_64-darwin-15/2.5.0-static/ffi-1.9.25
  19. /Users/ptyagi/.rbenv/versions/2.5.0/gemsets/geeknight/gems/cri-2.15.1/lib
  20. /Users/ptyagi/.rbenv/versions/2.5.0/gemsets/geeknight/gems/colored-1.2/lib
  21. /Users/ptyagi/.rbenv/versions/2.5.0/gemsets/geeknight/gems/coderay-1.1.2/lib
  22. /Users/ptyagi/.rbenv/versions/2.5.0/gemsets/geeknight/gems/adsf-1.1.1/lib
  23. /Users/ptyagi/.rbenv/versions/2.5.0/gemsets/geeknight/gems/rack-2.0.5/lib
  24. /Users/ptyagi/.rbenv/versions/2.5.0/gemsets/geeknight/gems/activesupport-4.2.10/lib
  25. /Users/ptyagi/.rbenv/versions/2.5.0/gemsets/geeknight/gems/tzinfo-1.2.5/lib
  26. /Users/ptyagi/.rbenv/versions/2.5.0/gemsets/geeknight/gems/thread_safe-0.3.6/lib
  27. /Users/ptyagi/.rbenv/versions/2.5.0/gemsets/geeknight/gems/minitest-5.11.3/lib
  28. /Users/ptyagi/.rbenv/versions/2.5.0/gemsets/geeknight/gems/i18n-0.9.5/lib
  29. /Users/ptyagi/.rbenv/versions/2.5.0/gemsets/geeknight/gems/concurrent-ruby-1.0.5/lib
  30. /Users/ptyagi/.rbenv/versions/2.5.0/lib/ruby/site_ruby/2.5.0
  31. /Users/ptyagi/.rbenv/versions/2.5.0/lib/ruby/site_ruby/2.5.0/x86_64-darwin15
  32. /Users/ptyagi/.rbenv/versions/2.5.0/lib/ruby/site_ruby
  33. /Users/ptyagi/.rbenv/versions/2.5.0/lib/ruby/vendor_ruby/2.5.0
  34. /Users/ptyagi/.rbenv/versions/2.5.0/lib/ruby/vendor_ruby/2.5.0/x86_64-darwin15
  35. /Users/ptyagi/.rbenv/versions/2.5.0/lib/ruby/vendor_ruby
  36. /Users/ptyagi/.rbenv/versions/2.5.0/lib/ruby/2.5.0
  37. /Users/ptyagi/.rbenv/versions/2.5.0/lib/ruby/2.5.0/x86_64-darwin15
